[INFO][main][2018-07-30 10:06:49][org.springframework.context.support.AbstractApplicationContext] - Refreshing org.springframework.context.support.ClassPathXmlApplicationContext@506e6d5e: startup date [Mon Jul 30 10:06:49 CST 2018]; root of context hierarchy
[INFO][main][2018-07-30 10:06:49][org.springframework.beans.factory.xml.XmlBeanDefinitionReader] - Loading XML bean definitions from class path resource [application.xml]
[INFO][main][2018-07-30 10:06:49][org.springframework.jdbc.datasource.DriverManagerDataSource] - Loaded JDBC driver: com.mysql.jdbc.Driver
[INFO][main][2018-07-30 10:06:49][org.springframework.orm.jpa.LocalContainerEntityManagerFactoryBean] - Building JPA container EntityManagerFactory for persistence unit 'default'
[INFO][main][2018-07-30 10:06:49][org.hibernate.jpa.internal.util.LogHelper] - HHH000204: Processing PersistenceUnitInfo [
	name: default
	...]
[INFO][main][2018-07-30 10:06:50][org.hibernate.Version] - HHH000412: Hibernate Core {5.2.13.Final}
[INFO][main][2018-07-30 10:06:50][org.hibernate.cfg.Environment] - HHH000206: hibernate.properties not found
[INFO][main][2018-07-30 10:06:50][org.hibernate.annotations.common.reflection.java.JavaReflectionManager] - HCANN000001: Hibernate Commons Annotations {5.0.1.Final}
[INFO][main][2018-07-30 10:06:50][org.hibernate.dialect.Dialect] - HHH000400: Using dialect: org.hibernate.dialect.MySQL5Dialect
[INFO][main][2018-07-30 10:06:51][org.hibernate.validator.internal.util.Version] - HV000001: Hibernate Validator 5.3.6.Final
[INFO][main][2018-07-30 10:06:51][org.springframework.orm.jpa.AbstractEntityManagerFactoryBean] - Initialized JPA EntityManagerFactory for persistence unit 'default'
[WARN][main][2018-07-30 10:06:51][org.springframework.context.support.AbstractApplicationContext] - Exception encountered during context initialization - cancelling refresh attempt: org.springframework.beans.factory.BeanCreationException: Error creating bean with name 'jpaMappingContext': Invocation of init method failed; nested exception is org.springframework.beans.factory.BeanCreationException: Error creating bean with name 'personRepository': Could not resolve matching constructor (hint: specify index/type/name arguments for simple parameters to avoid type ambiguities)
[INFO][main][2018-07-30 10:06:51][org.springframework.orm.jpa.AbstractEntityManagerFactoryBean] - Closing JPA EntityManagerFactory for persistence unit 'default'
[INFO][main][2018-07-30 10:10:04][org.springframework.context.support.AbstractApplicationContext] - Refreshing org.springframework.context.support.ClassPathXmlApplicationContext@5b464ce8: startup date [Mon Jul 30 10:10:04 CST 2018]; root of context hierarchy
[INFO][main][2018-07-30 10:10:04][org.springframework.beans.factory.xml.XmlBeanDefinitionReader] - Loading XML bean definitions from class path resource [application.xml]
[INFO][main][2018-07-30 10:10:04][org.springframework.jdbc.datasource.DriverManagerDataSource] - Loaded JDBC driver: com.mysql.jdbc.Driver
[INFO][main][2018-07-30 10:10:04][org.springframework.orm.jpa.LocalContainerEntityManagerFactoryBean] - Building JPA container EntityManagerFactory for persistence unit 'default'
[INFO][main][2018-07-30 10:10:05][org.hibernate.jpa.internal.util.LogHelper] - HHH000204: Processing PersistenceUnitInfo [
	name: default
	...]
[INFO][main][2018-07-30 10:10:05][org.hibernate.Version] - HHH000412: Hibernate Core {5.2.13.Final}
[INFO][main][2018-07-30 10:10:05][org.hibernate.cfg.Environment] - HHH000206: hibernate.properties not found
[INFO][main][2018-07-30 10:10:05][org.hibernate.annotations.common.reflection.java.JavaReflectionManager] - HCANN000001: Hibernate Commons Annotations {5.0.1.Final}
[INFO][main][2018-07-30 10:10:05][org.hibernate.dialect.Dialect] - HHH000400: Using dialect: org.hibernate.dialect.MySQL5Dialect
[INFO][main][2018-07-30 10:10:06][org.hibernate.validator.internal.util.Version] - HV000001: Hibernate Validator 5.3.6.Final
[INFO][main][2018-07-30 10:10:06][org.springframework.orm.jpa.AbstractEntityManagerFactoryBean] - Initialized JPA EntityManagerFactory for persistence unit 'default'
[WARN][main][2018-07-30 10:10:06][org.springframework.context.support.AbstractApplicationContext] - Exception encountered during context initialization - cancelling refresh attempt: org.springframework.beans.factory.BeanCreationException: Error creating bean with name 'jpaMappingContext': Invocation of init method failed; nested exception is org.springframework.beans.factory.BeanCreationException: Error creating bean with name 'personRepository': Could not resolve matching constructor (hint: specify index/type/name arguments for simple parameters to avoid type ambiguities)
[INFO][main][2018-07-30 10:10:06][org.springframework.orm.jpa.AbstractEntityManagerFactoryBean] - Closing JPA EntityManagerFactory for persistence unit 'default'
[INFO][main][2018-07-30 10:25:06][org.springframework.context.support.AbstractApplicationContext] - Refreshing org.springframework.context.support.ClassPathXmlApplicationContext@5b464ce8: startup date [Mon Jul 30 10:25:06 CST 2018]; root of context hierarchy
[INFO][main][2018-07-30 10:25:06][org.springframework.beans.factory.xml.XmlBeanDefinitionReader] - Loading XML bean definitions from class path resource [application.xml]
[INFO][main][2018-07-30 10:25:07][org.springframework.jdbc.datasource.DriverManagerDataSource] - Loaded JDBC driver: com.mysql.jdbc.Driver
[INFO][main][2018-07-30 10:25:07][org.springframework.orm.jpa.LocalContainerEntityManagerFactoryBean] - Building JPA container EntityManagerFactory for persistence unit 'default'
[INFO][main][2018-07-30 10:25:07][org.hibernate.jpa.internal.util.LogHelper] - HHH000204: Processing PersistenceUnitInfo [
	name: default
	...]
[INFO][main][2018-07-30 10:25:07][org.hibernate.Version] - HHH000412: Hibernate Core {5.2.13.Final}
[INFO][main][2018-07-30 10:25:07][org.hibernate.cfg.Environment] - HHH000206: hibernate.properties not found
[INFO][main][2018-07-30 10:25:07][org.hibernate.annotations.common.reflection.java.JavaReflectionManager] - HCANN000001: Hibernate Commons Annotations {5.0.1.Final}
[INFO][main][2018-07-30 10:25:08][org.hibernate.dialect.Dialect] - HHH000400: Using dialect: org.hibernate.dialect.MySQL5Dialect
[INFO][main][2018-07-30 10:25:08][org.hibernate.validator.internal.util.Version] - HV000001: Hibernate Validator 5.3.6.Final
[INFO][main][2018-07-30 10:25:09][org.springframework.orm.jpa.AbstractEntityManagerFactoryBean] - Initialized JPA EntityManagerFactory for persistence unit 'default'
[WARN][main][2018-07-30 10:25:09][org.springframework.context.support.AbstractApplicationContext] - Exception encountered during context initialization - cancelling refresh attempt: org.springframework.beans.factory.UnsatisfiedDependencyException: Error creating bean with name 'testController': Unsatisfied dependency expressed through field 'personRepository'; nested exception is org.springframework.beans.factory.BeanCreationException: Error creating bean with name 'personRepository': Could not resolve matching constructor (hint: specify index/type/name arguments for simple parameters to avoid type ambiguities)
[INFO][main][2018-07-30 10:25:09][org.springframework.orm.jpa.AbstractEntityManagerFactoryBean] - Closing JPA EntityManagerFactory for persistence unit 'default'
[INFO][main][2018-07-30 11:15:23][org.springframework.context.support.AbstractApplicationContext] - Refreshing org.springframework.context.support.ClassPathXmlApplicationContext@7e0ea639: startup date [Mon Jul 30 11:15:23 CST 2018]; root of context hierarchy
[INFO][main][2018-07-30 11:15:23][org.springframework.beans.factory.xml.XmlBeanDefinitionReader] - Loading XML bean definitions from class path resource [application.xml]
[INFO][main][2018-07-30 11:15:23][org.springframework.jdbc.datasource.DriverManagerDataSource] - Loaded JDBC driver: com.mysql.jdbc.Driver
[INFO][main][2018-07-30 11:15:23][org.springframework.orm.jpa.LocalContainerEntityManagerFactoryBean] - Building JPA container EntityManagerFactory for persistence unit 'default'
[INFO][main][2018-07-30 11:15:23][org.hibernate.jpa.internal.util.LogHelper] - HHH000204: Processing PersistenceUnitInfo [
	name: default
	...]
[INFO][main][2018-07-30 11:15:23][org.hibernate.Version] - HHH000412: Hibernate Core {5.2.13.Final}
[INFO][main][2018-07-30 11:15:23][org.hibernate.cfg.Environment] - HHH000206: hibernate.properties not found
[INFO][main][2018-07-30 11:15:23][org.hibernate.annotations.common.reflection.java.JavaReflectionManager] - HCANN000001: Hibernate Commons Annotations {5.0.1.Final}
[INFO][main][2018-07-30 11:15:24][org.hibernate.dialect.Dialect] - HHH000400: Using dialect: org.hibernate.dialect.MySQL5Dialect
[INFO][main][2018-07-30 11:15:25][org.hibernate.validator.internal.util.Version] - HV000001: Hibernate Validator 5.3.6.Final
[INFO][main][2018-07-30 11:15:25][org.springframework.orm.jpa.AbstractEntityManagerFactoryBean] - Initialized JPA EntityManagerFactory for persistence unit 'default'
[WARN][main][2018-07-30 11:15:26][org.springframework.context.support.AbstractApplicationContext] - Exception encountered during context initialization - cancelling refresh attempt: org.springframework.beans.factory.UnsatisfiedDependencyException: Error creating bean with name 'testController': Unsatisfied dependency expressed through field 'personRepository'; nested exception is org.springframework.beans.factory.BeanCreationException: Error creating bean with name 'personRepository': Invocation of init method failed; nested exception is org.springframework.data.mapping.PropertyReferenceException: No property name found for type Person! Did you mean 'pname'?
[INFO][main][2018-07-30 11:15:26][org.springframework.orm.jpa.AbstractEntityManagerFactoryBean] - Closing JPA EntityManagerFactory for persistence unit 'default'
[INFO][main][2018-07-30 11:17:03][org.springframework.context.support.AbstractApplicationContext] - Refreshing org.springframework.context.support.ClassPathXmlApplicationContext@60f82f98: startup date [Mon Jul 30 11:17:03 CST 2018]; root of context hierarchy
[INFO][main][2018-07-30 11:17:03][org.springframework.beans.factory.xml.XmlBeanDefinitionReader] - Loading XML bean definitions from class path resource [application.xml]
[INFO][main][2018-07-30 11:17:03][org.springframework.jdbc.datasource.DriverManagerDataSource] - Loaded JDBC driver: com.mysql.jdbc.Driver
[INFO][main][2018-07-30 11:17:03][org.springframework.orm.jpa.LocalContainerEntityManagerFactoryBean] - Building JPA container EntityManagerFactory for persistence unit 'default'
[INFO][main][2018-07-30 11:17:03][org.hibernate.jpa.internal.util.LogHelper] - HHH000204: Processing PersistenceUnitInfo [
	name: default
	...]
[INFO][main][2018-07-30 11:17:04][org.hibernate.Version] - HHH000412: Hibernate Core {5.2.13.Final}
[INFO][main][2018-07-30 11:17:04][org.hibernate.cfg.Environment] - HHH000206: hibernate.properties not found
[INFO][main][2018-07-30 11:17:04][org.hibernate.annotations.common.reflection.java.JavaReflectionManager] - HCANN000001: Hibernate Commons Annotations {5.0.1.Final}
[INFO][main][2018-07-30 11:17:04][org.hibernate.dialect.Dialect] - HHH000400: Using dialect: org.hibernate.dialect.MySQL5Dialect
[INFO][main][2018-07-30 11:17:05][org.hibernate.validator.internal.util.Version] - HV000001: Hibernate Validator 5.3.6.Final
[INFO][main][2018-07-30 11:17:05][org.springframework.orm.jpa.AbstractEntityManagerFactoryBean] - Initialized JPA EntityManagerFactory for persistence unit 'default'
[WARN][main][2018-07-30 11:17:06][org.springframework.context.support.AbstractApplicationContext] - Exception encountered during context initialization - cancelling refresh attempt: org.springframework.beans.factory.UnsatisfiedDependencyException: Error creating bean with name 'testController': Unsatisfied dependency expressed through field 'personRepository'; nested exception is org.springframework.beans.factory.BeanCreationException: Error creating bean with name 'personRepository': Invocation of init method failed; nested exception is org.springframework.data.mapping.PropertyReferenceException: No property name found for type Person! Did you mean 'pname'?
[INFO][main][2018-07-30 11:17:06][org.springframework.orm.jpa.AbstractEntityManagerFactoryBean] - Closing JPA EntityManagerFactory for persistence unit 'default'
[INFO][main][2018-07-30 11:18:19][org.springframework.context.support.AbstractApplicationContext] - Refreshing org.springframework.context.support.ClassPathXmlApplicationContext@4411d970: startup date [Mon Jul 30 11:18:19 CST 2018]; root of context hierarchy
[INFO][main][2018-07-30 11:18:19][org.springframework.beans.factory.xml.XmlBeanDefinitionReader] - Loading XML bean definitions from class path resource [application.xml]
[INFO][main][2018-07-30 11:18:19][org.springframework.jdbc.datasource.DriverManagerDataSource] - Loaded JDBC driver: com.mysql.jdbc.Driver
[INFO][main][2018-07-30 11:18:19][org.springframework.orm.jpa.LocalContainerEntityManagerFactoryBean] - Building JPA container EntityManagerFactory for persistence unit 'default'
[INFO][main][2018-07-30 11:18:19][org.hibernate.jpa.internal.util.LogHelper] - HHH000204: Processing PersistenceUnitInfo [
	name: default
	...]
[INFO][main][2018-07-30 11:18:20][org.hibernate.Version] - HHH000412: Hibernate Core {5.2.13.Final}
[INFO][main][2018-07-30 11:18:20][org.hibernate.cfg.Environment] - HHH000206: hibernate.properties not found
[INFO][main][2018-07-30 11:18:20][org.hibernate.annotations.common.reflection.java.JavaReflectionManager] - HCANN000001: Hibernate Commons Annotations {5.0.1.Final}
[INFO][main][2018-07-30 11:18:20][org.hibernate.dialect.Dialect] - HHH000400: Using dialect: org.hibernate.dialect.MySQL5Dialect
[INFO][main][2018-07-30 11:18:21][org.hibernate.validator.internal.util.Version] - HV000001: Hibernate Validator 5.3.6.Final
[INFO][main][2018-07-30 11:18:21][org.springframework.orm.jpa.AbstractEntityManagerFactoryBean] - Initialized JPA EntityManagerFactory for persistence unit 'default'
[WARN][main][2018-07-30 11:18:22][org.springframework.context.support.AbstractApplicationContext] - Exception encountered during context initialization - cancelling refresh attempt: org.springframework.beans.factory.UnsatisfiedDependencyException: Error creating bean with name 'testController': Unsatisfied dependency expressed through field 'personRepository'; nested exception is org.springframework.beans.factory.BeanCreationException: Error creating bean with name 'personRepository': Invocation of init method failed; nested exception is org.springframework.data.mapping.PropertyReferenceException: No property name found for type Person! Did you mean 'pname'?
[INFO][main][2018-07-30 11:18:22][org.springframework.orm.jpa.AbstractEntityManagerFactoryBean] - Closing JPA EntityManagerFactory for persistence unit 'default'
[INFO][main][2018-07-30 11:22:21][org.springframework.context.support.AbstractApplicationContext] - Refreshing org.springframework.context.support.ClassPathXmlApplicationContext@4411d970: startup date [Mon Jul 30 11:22:21 CST 2018]; root of context hierarchy
[INFO][main][2018-07-30 11:22:21][org.springframework.beans.factory.xml.XmlBeanDefinitionReader] - Loading XML bean definitions from class path resource [application.xml]
[INFO][main][2018-07-30 11:22:22][org.springframework.jdbc.datasource.DriverManagerDataSource] - Loaded JDBC driver: com.mysql.jdbc.Driver
[INFO][main][2018-07-30 11:22:22][org.springframework.orm.jpa.LocalContainerEntityManagerFactoryBean] - Building JPA container EntityManagerFactory for persistence unit 'default'
[INFO][main][2018-07-30 11:22:22][org.hibernate.jpa.internal.util.LogHelper] - HHH000204: Processing PersistenceUnitInfo [
	name: default
	...]
[INFO][main][2018-07-30 11:22:22][org.hibernate.Version] - HHH000412: Hibernate Core {5.2.13.Final}
[INFO][main][2018-07-30 11:22:22][org.hibernate.cfg.Environment] - HHH000206: hibernate.properties not found
[INFO][main][2018-07-30 11:22:22][org.hibernate.annotations.common.reflection.java.JavaReflectionManager] - HCANN000001: Hibernate Commons Annotations {5.0.1.Final}
[INFO][main][2018-07-30 11:22:23][org.hibernate.dialect.Dialect] - HHH000400: Using dialect: org.hibernate.dialect.MySQL5Dialect
[INFO][main][2018-07-30 11:22:24][org.hibernate.validator.internal.util.Version] - HV000001: Hibernate Validator 5.3.6.Final
[INFO][main][2018-07-30 11:22:24][org.springframework.orm.jpa.AbstractEntityManagerFactoryBean] - Initialized JPA EntityManagerFactory for persistence unit 'default'
[INFO][main][2018-07-30 11:22:24][org.hibernate.hql.internal.QueryTranslatorFactoryInitiator] - HHH000397: Using ASTQueryTranslatorFactory
[WARN][main][2018-07-30 11:22:24][org.springframework.context.support.AbstractApplicationContext] - Exception encountered during context initialization - cancelling refresh attempt: org.springframework.beans.factory.UnsatisfiedDependencyException: Error creating bean with name 'testController': Unsatisfied dependency expressed through field 'personRepository'; nested exception is org.springframework.beans.factory.BeanCreationException: Error creating bean with name 'personRepository': Invocation of init method failed; nested exception is java.lang.IllegalArgumentException: Validation failed for query for method public abstract java.util.List com.tedu.repository.PersonRepository.getByName(java.lang.String)!
[INFO][main][2018-07-30 11:22:24][org.springframework.orm.jpa.AbstractEntityManagerFactoryBean] - Closing JPA EntityManagerFactory for persistence unit 'default'
[INFO][main][2018-07-30 11:22:49][org.springframework.context.support.AbstractApplicationContext] - Refreshing org.springframework.context.support.ClassPathXmlApplicationContext@4411d970: startup date [Mon Jul 30 11:22:49 CST 2018]; root of context hierarchy
[INFO][main][2018-07-30 11:22:49][org.springframework.beans.factory.xml.XmlBeanDefinitionReader] - Loading XML bean definitions from class path resource [application.xml]
[INFO][main][2018-07-30 11:22:49][org.springframework.jdbc.datasource.DriverManagerDataSource] - Loaded JDBC driver: com.mysql.jdbc.Driver
[INFO][main][2018-07-30 11:22:50][org.springframework.orm.jpa.LocalContainerEntityManagerFactoryBean] - Building JPA container EntityManagerFactory for persistence unit 'default'
[INFO][main][2018-07-30 11:22:50][org.hibernate.jpa.internal.util.LogHelper] - HHH000204: Processing PersistenceUnitInfo [
	name: default
	...]
[INFO][main][2018-07-30 11:22:50][org.hibernate.Version] - HHH000412: Hibernate Core {5.2.13.Final}
[INFO][main][2018-07-30 11:22:50][org.hibernate.cfg.Environment] - HHH000206: hibernate.properties not found
[INFO][main][2018-07-30 11:22:50][org.hibernate.annotations.common.reflection.java.JavaReflectionManager] - HCANN000001: Hibernate Commons Annotations {5.0.1.Final}
[INFO][main][2018-07-30 11:22:50][org.hibernate.dialect.Dialect] - HHH000400: Using dialect: org.hibernate.dialect.MySQL5Dialect
[INFO][main][2018-07-30 11:22:51][org.hibernate.validator.internal.util.Version] - HV000001: Hibernate Validator 5.3.6.Final
[INFO][main][2018-07-30 11:22:51][org.springframework.orm.jpa.AbstractEntityManagerFactoryBean] - Initialized JPA EntityManagerFactory for persistence unit 'default'
[INFO][main][2018-07-30 11:22:52][org.hibernate.hql.internal.QueryTranslatorFactoryInitiator] - HHH000397: Using ASTQueryTranslatorFactory
[INFO][main][2018-07-30 11:29:11][org.springframework.context.support.AbstractApplicationContext] - Refreshing org.springframework.context.support.ClassPathXmlApplicationContext@4411d970: startup date [Mon Jul 30 11:29:11 CST 2018]; root of context hierarchy
[INFO][main][2018-07-30 11:29:11][org.springframework.beans.factory.xml.XmlBeanDefinitionReader] - Loading XML bean definitions from class path resource [application.xml]
[INFO][main][2018-07-30 11:29:12][org.springframework.jdbc.datasource.DriverManagerDataSource] - Loaded JDBC driver: com.mysql.jdbc.Driver
[INFO][main][2018-07-30 11:29:12][org.springframework.orm.jpa.LocalContainerEntityManagerFactoryBean] - Building JPA container EntityManagerFactory for persistence unit 'default'
[INFO][main][2018-07-30 11:29:12][org.hibernate.jpa.internal.util.LogHelper] - HHH000204: Processing PersistenceUnitInfo [
	name: default
	...]
[INFO][main][2018-07-30 11:29:12][org.hibernate.Version] - HHH000412: Hibernate Core {5.2.13.Final}
[INFO][main][2018-07-30 11:29:12][org.hibernate.cfg.Environment] - HHH000206: hibernate.properties not found
[INFO][main][2018-07-30 11:29:12][org.hibernate.annotations.common.reflection.java.JavaReflectionManager] - HCANN000001: Hibernate Commons Annotations {5.0.1.Final}
[INFO][main][2018-07-30 11:29:12][org.hibernate.dialect.Dialect] - HHH000400: Using dialect: org.hibernate.dialect.MySQL5Dialect
[INFO][main][2018-07-30 11:29:13][org.hibernate.validator.internal.util.Version] - HV000001: Hibernate Validator 5.3.6.Final
[INFO][main][2018-07-30 11:29:13][org.springframework.orm.jpa.AbstractEntityManagerFactoryBean] - Initialized JPA EntityManagerFactory for persistence unit 'default'
[INFO][main][2018-07-30 11:30:29][org.springframework.context.support.AbstractApplicationContext] - Refreshing org.springframework.context.support.ClassPathXmlApplicationContext@4411d970: startup date [Mon Jul 30 11:30:29 CST 2018]; root of context hierarchy
[INFO][main][2018-07-30 11:30:29][org.springframework.beans.factory.xml.XmlBeanDefinitionReader] - Loading XML bean definitions from class path resource [application.xml]
[INFO][main][2018-07-30 11:30:29][org.springframework.jdbc.datasource.DriverManagerDataSource] - Loaded JDBC driver: com.mysql.jdbc.Driver
[INFO][main][2018-07-30 11:30:29][org.springframework.orm.jpa.LocalContainerEntityManagerFactoryBean] - Building JPA container EntityManagerFactory for persistence unit 'default'
[INFO][main][2018-07-30 11:30:29][org.hibernate.jpa.internal.util.LogHelper] - HHH000204: Processing PersistenceUnitInfo [
	name: default
	...]
[INFO][main][2018-07-30 11:30:30][org.hibernate.Version] - HHH000412: Hibernate Core {5.2.13.Final}
[INFO][main][2018-07-30 11:30:30][org.hibernate.cfg.Environment] - HHH000206: hibernate.properties not found
[INFO][main][2018-07-30 11:30:30][org.hibernate.annotations.common.reflection.java.JavaReflectionManager] - HCANN000001: Hibernate Commons Annotations {5.0.1.Final}
[INFO][main][2018-07-30 11:30:30][org.hibernate.dialect.Dialect] - HHH000400: Using dialect: org.hibernate.dialect.MySQL5Dialect
[INFO][main][2018-07-30 11:30:31][org.hibernate.validator.internal.util.Version] - HV000001: Hibernate Validator 5.3.6.Final
[INFO][main][2018-07-30 11:30:31][org.springframework.orm.jpa.AbstractEntityManagerFactoryBean] - Initialized JPA EntityManagerFactory for persistence unit 'default'
[INFO][main][2018-07-30 11:32:55][org.springframework.context.support.AbstractApplicationContext] - Refreshing org.springframework.context.support.ClassPathXmlApplicationContext@4411d970: startup date [Mon Jul 30 11:32:55 CST 2018]; root of context hierarchy
[INFO][main][2018-07-30 11:32:55][org.springframework.beans.factory.xml.XmlBeanDefinitionReader] - Loading XML bean definitions from class path resource [application.xml]
[INFO][main][2018-07-30 11:32:56][org.springframework.jdbc.datasource.DriverManagerDataSource] - Loaded JDBC driver: com.mysql.jdbc.Driver
[INFO][main][2018-07-30 11:32:56][org.springframework.orm.jpa.LocalContainerEntityManagerFactoryBean] - Building JPA container EntityManagerFactory for persistence unit 'default'
[INFO][main][2018-07-30 11:32:56][org.hibernate.jpa.internal.util.LogHelper] - HHH000204: Processing PersistenceUnitInfo [
	name: default
	...]
[INFO][main][2018-07-30 11:32:56][org.hibernate.Version] - HHH000412: Hibernate Core {5.2.13.Final}
[INFO][main][2018-07-30 11:32:56][org.hibernate.cfg.Environment] - HHH000206: hibernate.properties not found
[INFO][main][2018-07-30 11:32:56][org.hibernate.annotations.common.reflection.java.JavaReflectionManager] - HCANN000001: Hibernate Commons Annotations {5.0.1.Final}
[INFO][main][2018-07-30 11:32:57][org.hibernate.dialect.Dialect] - HHH000400: Using dialect: org.hibernate.dialect.MySQL5Dialect
[INFO][main][2018-07-30 11:32:57][org.hibernate.validator.internal.util.Version] - HV000001: Hibernate Validator 5.3.6.Final
[INFO][main][2018-07-30 11:32:57][org.springframework.orm.jpa.AbstractEntityManagerFactoryBean] - Initialized JPA EntityManagerFactory for persistence unit 'default'
[INFO][main][2018-07-30 11:33:27][org.springframework.context.support.AbstractApplicationContext] - Refreshing org.springframework.context.support.ClassPathXmlApplicationContext@4411d970: startup date [Mon Jul 30 11:33:27 CST 2018]; root of context hierarchy
[INFO][main][2018-07-30 11:33:27][org.springframework.beans.factory.xml.XmlBeanDefinitionReader] - Loading XML bean definitions from class path resource [application.xml]
[INFO][main][2018-07-30 11:33:27][org.springframework.jdbc.datasource.DriverManagerDataSource] - Loaded JDBC driver: com.mysql.jdbc.Driver
[INFO][main][2018-07-30 11:33:27][org.springframework.orm.jpa.LocalContainerEntityManagerFactoryBean] - Building JPA container EntityManagerFactory for persistence unit 'default'
[INFO][main][2018-07-30 11:33:27][org.hibernate.jpa.internal.util.LogHelper] - HHH000204: Processing PersistenceUnitInfo [
	name: default
	...]
[INFO][main][2018-07-30 11:33:27][org.hibernate.Version] - HHH000412: Hibernate Core {5.2.13.Final}
[INFO][main][2018-07-30 11:33:27][org.hibernate.cfg.Environment] - HHH000206: hibernate.properties not found
[INFO][main][2018-07-30 11:33:28][org.hibernate.annotations.common.reflection.java.JavaReflectionManager] - HCANN000001: Hibernate Commons Annotations {5.0.1.Final}
[INFO][main][2018-07-30 11:33:28][org.hibernate.dialect.Dialect] - HHH000400: Using dialect: org.hibernate.dialect.MySQL5Dialect
[INFO][main][2018-07-30 11:33:29][org.hibernate.validator.internal.util.Version] - HV000001: Hibernate Validator 5.3.6.Final
[INFO][main][2018-07-30 11:33:29][org.springframework.orm.jpa.AbstractEntityManagerFactoryBean] - Initialized JPA EntityManagerFactory for persistence unit 'default'
[INFO][main][2018-07-30 11:36:30][org.springframework.context.support.AbstractApplicationContext] - Refreshing org.springframework.context.support.ClassPathXmlApplicationContext@4411d970: startup date [Mon Jul 30 11:36:30 CST 2018]; root of context hierarchy
[INFO][main][2018-07-30 11:36:30][org.springframework.beans.factory.xml.XmlBeanDefinitionReader] - Loading XML bean definitions from class path resource [application.xml]
[INFO][main][2018-07-30 11:36:30][org.springframework.jdbc.datasource.DriverManagerDataSource] - Loaded JDBC driver: com.mysql.jdbc.Driver
[INFO][main][2018-07-30 11:36:30][org.springframework.orm.jpa.LocalContainerEntityManagerFactoryBean] - Building JPA container EntityManagerFactory for persistence unit 'default'
[INFO][main][2018-07-30 11:36:30][org.hibernate.jpa.internal.util.LogHelper] - HHH000204: Processing PersistenceUnitInfo [
	name: default
	...]
[INFO][main][2018-07-30 11:36:30][org.hibernate.Version] - HHH000412: Hibernate Core {5.2.13.Final}
[INFO][main][2018-07-30 11:36:30][org.hibernate.cfg.Environment] - HHH000206: hibernate.properties not found
[INFO][main][2018-07-30 11:36:30][org.hibernate.annotations.common.reflection.java.JavaReflectionManager] - HCANN000001: Hibernate Commons Annotations {5.0.1.Final}
[INFO][main][2018-07-30 11:36:31][org.hibernate.dialect.Dialect] - HHH000400: Using dialect: org.hibernate.dialect.MySQL5Dialect
[INFO][main][2018-07-30 11:36:32][org.hibernate.validator.internal.util.Version] - HV000001: Hibernate Validator 5.3.6.Final
[INFO][main][2018-07-30 11:36:32][org.springframework.orm.jpa.AbstractEntityManagerFactoryBean] - Initialized JPA EntityManagerFactory for persistence unit 'default'
[INFO][main][2018-07-30 11:36:33][org.hibernate.hql.internal.QueryTranslatorFactoryInitiator] - HHH000397: Using ASTQueryTranslatorFactory
[INFO][main][2018-07-30 11:36:55][org.springframework.context.support.AbstractApplicationContext] - Refreshing org.springframework.context.support.ClassPathXmlApplicationContext@7e0ea639: startup date [Mon Jul 30 11:36:55 CST 2018]; root of context hierarchy
[INFO][main][2018-07-30 11:36:55][org.springframework.beans.factory.xml.XmlBeanDefinitionReader] - Loading XML bean definitions from class path resource [application.xml]
[INFO][main][2018-07-30 11:36:56][org.springframework.jdbc.datasource.DriverManagerDataSource] - Loaded JDBC driver: com.mysql.jdbc.Driver
[INFO][main][2018-07-30 11:36:56][org.springframework.orm.jpa.LocalContainerEntityManagerFactoryBean] - Building JPA container EntityManagerFactory for persistence unit 'default'
[INFO][main][2018-07-30 11:36:56][org.hibernate.jpa.internal.util.LogHelper] - HHH000204: Processing PersistenceUnitInfo [
	name: default
	...]
[INFO][main][2018-07-30 11:36:56][org.hibernate.Version] - HHH000412: Hibernate Core {5.2.13.Final}
[INFO][main][2018-07-30 11:36:56][org.hibernate.cfg.Environment] - HHH000206: hibernate.properties not found
[INFO][main][2018-07-30 11:36:56][org.hibernate.annotations.common.reflection.java.JavaReflectionManager] - HCANN000001: Hibernate Commons Annotations {5.0.1.Final}
[INFO][main][2018-07-30 11:36:57][org.hibernate.dialect.Dialect] - HHH000400: Using dialect: org.hibernate.dialect.MySQL5Dialect
[INFO][main][2018-07-30 11:36:58][org.hibernate.validator.internal.util.Version] - HV000001: Hibernate Validator 5.3.6.Final
[INFO][main][2018-07-30 11:36:58][org.springframework.orm.jpa.AbstractEntityManagerFactoryBean] - Initialized JPA EntityManagerFactory for persistence unit 'default'
[INFO][main][2018-07-30 11:36:58][org.hibernate.hql.internal.QueryTranslatorFactoryInitiator] - HHH000397: Using ASTQueryTranslatorFactory
[INFO][main][2018-07-30 11:37:42][org.springframework.context.support.AbstractApplicationContext] - Refreshing org.springframework.context.support.ClassPathXmlApplicationContext@731f8236: startup date [Mon Jul 30 11:37:42 CST 2018]; root of context hierarchy
[INFO][main][2018-07-30 11:37:42][org.springframework.beans.factory.xml.XmlBeanDefinitionReader] - Loading XML bean definitions from class path resource [application.xml]
[INFO][main][2018-07-30 11:37:43][org.springframework.jdbc.datasource.DriverManagerDataSource] - Loaded JDBC driver: com.mysql.jdbc.Driver
[INFO][main][2018-07-30 11:37:43][org.springframework.orm.jpa.LocalContainerEntityManagerFactoryBean] - Building JPA container EntityManagerFactory for persistence unit 'default'
[INFO][main][2018-07-30 11:37:43][org.hibernate.jpa.internal.util.LogHelper] - HHH000204: Processing PersistenceUnitInfo [
	name: default
	...]
[INFO][main][2018-07-30 11:37:43][org.hibernate.Version] - HHH000412: Hibernate Core {5.2.13.Final}
[INFO][main][2018-07-30 11:37:43][org.hibernate.cfg.Environment] - HHH000206: hibernate.properties not found
[INFO][main][2018-07-30 11:37:43][org.hibernate.annotations.common.reflection.java.JavaReflectionManager] - HCANN000001: Hibernate Commons Annotations {5.0.1.Final}
[INFO][main][2018-07-30 11:37:44][org.hibernate.dialect.Dialect] - HHH000400: Using dialect: org.hibernate.dialect.MySQL5Dialect
[INFO][main][2018-07-30 11:37:45][org.hibernate.validator.internal.util.Version] - HV000001: Hibernate Validator 5.3.6.Final
[INFO][main][2018-07-30 11:37:45][org.springframework.orm.jpa.AbstractEntityManagerFactoryBean] - Initialized JPA EntityManagerFactory for persistence unit 'default'
[INFO][main][2018-07-30 11:37:45][org.hibernate.hql.internal.QueryTranslatorFactoryInitiator] - HHH000397: Using ASTQueryTranslatorFactory
[INFO][main][2018-07-30 11:38:07][org.springframework.context.support.AbstractApplicationContext] - Refreshing org.springframework.context.support.ClassPathXmlApplicationContext@731f8236: startup date [Mon Jul 30 11:38:07 CST 2018]; root of context hierarchy
[INFO][main][2018-07-30 11:38:07][org.springframework.beans.factory.xml.XmlBeanDefinitionReader] - Loading XML bean definitions from class path resource [application.xml]
[INFO][main][2018-07-30 11:38:07][org.springframework.jdbc.datasource.DriverManagerDataSource] - Loaded JDBC driver: com.mysql.jdbc.Driver
[INFO][main][2018-07-30 11:38:07][org.springframework.orm.jpa.LocalContainerEntityManagerFactoryBean] - Building JPA container EntityManagerFactory for persistence unit 'default'
[INFO][main][2018-07-30 11:38:08][org.hibernate.jpa.internal.util.LogHelper] - HHH000204: Processing PersistenceUnitInfo [
	name: default
	...]
[INFO][main][2018-07-30 11:38:08][org.hibernate.Version] - HHH000412: Hibernate Core {5.2.13.Final}
[INFO][main][2018-07-30 11:38:08][org.hibernate.cfg.Environment] - HHH000206: hibernate.properties not found
[INFO][main][2018-07-30 11:38:08][org.hibernate.annotations.common.reflection.java.JavaReflectionManager] - HCANN000001: Hibernate Commons Annotations {5.0.1.Final}
[INFO][main][2018-07-30 11:38:08][org.hibernate.dialect.Dialect] - HHH000400: Using dialect: org.hibernate.dialect.MySQL5Dialect
[INFO][main][2018-07-30 11:38:09][org.hibernate.validator.internal.util.Version] - HV000001: Hibernate Validator 5.3.6.Final
[INFO][main][2018-07-30 11:38:09][org.springframework.orm.jpa.AbstractEntityManagerFactoryBean] - Initialized JPA EntityManagerFactory for persistence unit 'default'
[INFO][main][2018-07-30 11:38:10][org.hibernate.hql.internal.QueryTranslatorFactoryInitiator] - HHH000397: Using ASTQueryTranslatorFactory
[INFO][main][2018-07-30 12:48:26][org.springframework.context.support.AbstractApplicationContext] - Refreshing org.springframework.context.support.ClassPathXmlApplicationContext@2d6e8792: startup date [Mon Jul 30 12:48:26 CST 2018]; root of context hierarchy
[INFO][main][2018-07-30 12:48:26][org.springframework.beans.factory.xml.XmlBeanDefinitionReader] - Loading XML bean definitions from class path resource [application.xml]
[INFO][main][2018-07-30 12:48:27][org.springframework.jdbc.datasource.DriverManagerDataSource] - Loaded JDBC driver: com.mysql.jdbc.Driver
[INFO][main][2018-07-30 12:48:27][org.springframework.orm.jpa.LocalContainerEntityManagerFactoryBean] - Building JPA container EntityManagerFactory for persistence unit 'default'
[INFO][main][2018-07-30 12:48:27][org.hibernate.jpa.internal.util.LogHelper] - HHH000204: Processing PersistenceUnitInfo [
	name: default
	...]
[INFO][main][2018-07-30 12:48:27][org.hibernate.Version] - HHH000412: Hibernate Core {5.2.13.Final}
[INFO][main][2018-07-30 12:48:27][org.hibernate.cfg.Environment] - HHH000206: hibernate.properties not found
[INFO][main][2018-07-30 12:48:27][org.hibernate.annotations.common.reflection.java.JavaReflectionManager] - HCANN000001: Hibernate Commons Annotations {5.0.1.Final}
[INFO][main][2018-07-30 12:48:28][org.hibernate.dialect.Dialect] - HHH000400: Using dialect: org.hibernate.dialect.MySQL5Dialect
[INFO][main][2018-07-30 12:48:28][org.hibernate.validator.internal.util.Version] - HV000001: Hibernate Validator 5.3.6.Final
[INFO][main][2018-07-30 12:48:28][org.springframework.orm.jpa.AbstractEntityManagerFactoryBean] - Initialized JPA EntityManagerFactory for persistence unit 'default'
[INFO][main][2018-07-30 12:48:29][org.hibernate.hql.internal.QueryTranslatorFactoryInitiator] - HHH000397: Using ASTQueryTranslatorFactory
[INFO][main][2018-07-30 12:49:25][org.springframework.context.support.AbstractApplicationContext] - Refreshing org.springframework.context.support.ClassPathXmlApplicationContext@3b2c72c2: startup date [Mon Jul 30 12:49:25 CST 2018]; root of context hierarchy
[INFO][main][2018-07-30 12:49:25][org.springframework.beans.factory.xml.XmlBeanDefinitionReader] - Loading XML bean definitions from class path resource [application.xml]
[INFO][main][2018-07-30 12:49:26][org.springframework.jdbc.datasource.DriverManagerDataSource] - Loaded JDBC driver: com.mysql.jdbc.Driver
[INFO][main][2018-07-30 12:49:26][org.springframework.orm.jpa.LocalContainerEntityManagerFactoryBean] - Building JPA container EntityManagerFactory for persistence unit 'default'
[INFO][main][2018-07-30 12:49:26][org.hibernate.jpa.internal.util.LogHelper] - HHH000204: Processing PersistenceUnitInfo [
	name: default
	...]
[INFO][main][2018-07-30 12:49:26][org.hibernate.Version] - HHH000412: Hibernate Core {5.2.13.Final}
[INFO][main][2018-07-30 12:49:26][org.hibernate.cfg.Environment] - HHH000206: hibernate.properties not found
[INFO][main][2018-07-30 12:49:26][org.hibernate.annotations.common.reflection.java.JavaReflectionManager] - HCANN000001: Hibernate Commons Annotations {5.0.1.Final}
[INFO][main][2018-07-30 12:49:26][org.hibernate.dialect.Dialect] - HHH000400: Using dialect: org.hibernate.dialect.MySQL5Dialect
[INFO][main][2018-07-30 12:49:27][org.hibernate.validator.internal.util.Version] - HV000001: Hibernate Validator 5.3.6.Final
[INFO][main][2018-07-30 12:49:27][org.springframework.orm.jpa.AbstractEntityManagerFactoryBean] - Initialized JPA EntityManagerFactory for persistence unit 'default'
[INFO][main][2018-07-30 12:49:28][org.hibernate.hql.internal.QueryTranslatorFactoryInitiator] - HHH000397: Using ASTQueryTranslatorFactory
[WARN][main][2018-07-30 12:49:28][org.hibernate.engine.jdbc.spi.SqlExceptionHelper] - SQL Error: 1054, SQLState: 42S22
[ERROR][main][2018-07-30 12:49:28][org.hibernate.engine.jdbc.spi.SqlExceptionHelper] - Unknown column 'p' in 'field list'
[INFO][main][2018-07-30 12:50:23][org.springframework.context.support.AbstractApplicationContext] - Refreshing org.springframework.context.support.ClassPathXmlApplicationContext@2d6e8792: startup date [Mon Jul 30 12:50:23 CST 2018]; root of context hierarchy
[INFO][main][2018-07-30 12:50:23][org.springframework.beans.factory.xml.XmlBeanDefinitionReader] - Loading XML bean definitions from class path resource [application.xml]
[INFO][main][2018-07-30 12:50:24][org.springframework.jdbc.datasource.DriverManagerDataSource] - Loaded JDBC driver: com.mysql.jdbc.Driver
[INFO][main][2018-07-30 12:50:24][org.springframework.orm.jpa.LocalContainerEntityManagerFactoryBean] - Building JPA container EntityManagerFactory for persistence unit 'default'
[INFO][main][2018-07-30 12:50:24][org.hibernate.jpa.internal.util.LogHelper] - HHH000204: Processing PersistenceUnitInfo [
	name: default
	...]
[INFO][main][2018-07-30 12:50:24][org.hibernate.Version] - HHH000412: Hibernate Core {5.2.13.Final}
[INFO][main][2018-07-30 12:50:24][org.hibernate.cfg.Environment] - HHH000206: hibernate.properties not found
[INFO][main][2018-07-30 12:50:24][org.hibernate.annotations.common.reflection.java.JavaReflectionManager] - HCANN000001: Hibernate Commons Annotations {5.0.1.Final}
[INFO][main][2018-07-30 12:50:25][org.hibernate.dialect.Dialect] - HHH000400: Using dialect: org.hibernate.dialect.MySQL5Dialect
[INFO][main][2018-07-30 12:50:25][org.hibernate.validator.internal.util.Version] - HV000001: Hibernate Validator 5.3.6.Final
[INFO][main][2018-07-30 12:50:25][org.springframework.orm.jpa.AbstractEntityManagerFactoryBean] - Initialized JPA EntityManagerFactory for persistence unit 'default'
[INFO][main][2018-07-30 12:50:26][org.hibernate.hql.internal.QueryTranslatorFactoryInitiator] - HHH000397: Using ASTQueryTranslatorFactory
[INFO][main][2018-07-30 12:52:47][org.springframework.context.support.AbstractApplicationContext] - Refreshing org.springframework.context.support.ClassPathXmlApplicationContext@2d6e8792: startup date [Mon Jul 30 12:52:47 CST 2018]; root of context hierarchy
[INFO][main][2018-07-30 12:52:47][org.springframework.beans.factory.xml.XmlBeanDefinitionReader] - Loading XML bean definitions from class path resource [application.xml]
[INFO][main][2018-07-30 12:52:47][org.springframework.jdbc.datasource.DriverManagerDataSource] - Loaded JDBC driver: com.mysql.jdbc.Driver
[INFO][main][2018-07-30 12:52:47][org.springframework.orm.jpa.LocalContainerEntityManagerFactoryBean] - Building JPA container EntityManagerFactory for persistence unit 'default'
[INFO][main][2018-07-30 12:52:47][org.hibernate.jpa.internal.util.LogHelper] - HHH000204: Processing PersistenceUnitInfo [
	name: default
	...]
[INFO][main][2018-07-30 12:52:47][org.hibernate.Version] - HHH000412: Hibernate Core {5.2.13.Final}
[INFO][main][2018-07-30 12:52:47][org.hibernate.cfg.Environment] - HHH000206: hibernate.properties not found
[INFO][main][2018-07-30 12:52:47][org.hibernate.annotations.common.reflection.java.JavaReflectionManager] - HCANN000001: Hibernate Commons Annotations {5.0.1.Final}
[INFO][main][2018-07-30 12:52:48][org.hibernate.dialect.Dialect] - HHH000400: Using dialect: org.hibernate.dialect.MySQL5Dialect
[INFO][main][2018-07-30 12:52:48][org.hibernate.validator.internal.util.Version] - HV000001: Hibernate Validator 5.3.6.Final
[INFO][main][2018-07-30 12:52:48][org.springframework.orm.jpa.AbstractEntityManagerFactoryBean] - Initialized JPA EntityManagerFactory for persistence unit 'default'
[INFO][main][2018-07-30 12:52:49][org.hibernate.hql.internal.QueryTranslatorFactoryInitiator] - HHH000397: Using ASTQueryTranslatorFactory
[INFO][main][2018-07-30 12:55:08][org.springframework.context.support.AbstractApplicationContext] - Refreshing org.springframework.context.support.ClassPathXmlApplicationContext@2d6e8792: startup date [Mon Jul 30 12:55:08 CST 2018]; root of context hierarchy
[INFO][main][2018-07-30 12:55:08][org.springframework.beans.factory.xml.XmlBeanDefinitionReader] - Loading XML bean definitions from class path resource [application.xml]
[INFO][main][2018-07-30 12:55:09][org.springframework.jdbc.datasource.DriverManagerDataSource] - Loaded JDBC driver: com.mysql.jdbc.Driver
[INFO][main][2018-07-30 12:55:09][org.springframework.orm.jpa.LocalContainerEntityManagerFactoryBean] - Building JPA container EntityManagerFactory for persistence unit 'default'
[INFO][main][2018-07-30 12:55:09][org.hibernate.jpa.internal.util.LogHelper] - HHH000204: Processing PersistenceUnitInfo [
	name: default
	...]
[INFO][main][2018-07-30 12:55:09][org.hibernate.Version] - HHH000412: Hibernate Core {5.2.13.Final}
[INFO][main][2018-07-30 12:55:09][org.hibernate.cfg.Environment] - HHH000206: hibernate.properties not found
[INFO][main][2018-07-30 12:55:09][org.hibernate.annotations.common.reflection.java.JavaReflectionManager] - HCANN000001: Hibernate Commons Annotations {5.0.1.Final}
[INFO][main][2018-07-30 12:55:10][org.hibernate.dialect.Dialect] - HHH000400: Using dialect: org.hibernate.dialect.MySQL5Dialect
[INFO][main][2018-07-30 12:55:10][org.hibernate.validator.internal.util.Version] - HV000001: Hibernate Validator 5.3.6.Final
[INFO][main][2018-07-30 12:55:10][org.springframework.orm.jpa.AbstractEntityManagerFactoryBean] - Initialized JPA EntityManagerFactory for persistence unit 'default'
[INFO][main][2018-07-30 12:55:11][org.hibernate.hql.internal.QueryTranslatorFactoryInitiator] - HHH000397: Using ASTQueryTranslatorFactory
[INFO][main][2018-07-30 12:55:21][org.springframework.context.support.AbstractApplicationContext] - Refreshing org.springframework.context.support.ClassPathXmlApplicationContext@2d6e8792: startup date [Mon Jul 30 12:55:21 CST 2018]; root of context hierarchy
[INFO][main][2018-07-30 12:55:21][org.springframework.beans.factory.xml.XmlBeanDefinitionReader] - Loading XML bean definitions from class path resource [application.xml]
[INFO][main][2018-07-30 12:55:21][org.springframework.jdbc.datasource.DriverManagerDataSource] - Loaded JDBC driver: com.mysql.jdbc.Driver
[INFO][main][2018-07-30 12:55:21][org.springframework.orm.jpa.LocalContainerEntityManagerFactoryBean] - Building JPA container EntityManagerFactory for persistence unit 'default'
[INFO][main][2018-07-30 12:55:21][org.hibernate.jpa.internal.util.LogHelper] - HHH000204: Processing PersistenceUnitInfo [
	name: default
	...]
[INFO][main][2018-07-30 12:55:21][org.hibernate.Version] - HHH000412: Hibernate Core {5.2.13.Final}
[INFO][main][2018-07-30 12:55:21][org.hibernate.cfg.Environment] - HHH000206: hibernate.properties not found
[INFO][main][2018-07-30 12:55:21][org.hibernate.annotations.common.reflection.java.JavaReflectionManager] - HCANN000001: Hibernate Commons Annotations {5.0.1.Final}
[INFO][main][2018-07-30 12:55:22][org.hibernate.dialect.Dialect] - HHH000400: Using dialect: org.hibernate.dialect.MySQL5Dialect
[INFO][main][2018-07-30 12:55:22][org.hibernate.validator.internal.util.Version] - HV000001: Hibernate Validator 5.3.6.Final
[INFO][main][2018-07-30 12:55:22][org.springframework.orm.jpa.AbstractEntityManagerFactoryBean] - Initialized JPA EntityManagerFactory for persistence unit 'default'
[INFO][main][2018-07-30 12:55:23][org.hibernate.hql.internal.QueryTranslatorFactoryInitiator] - HHH000397: Using ASTQueryTranslatorFactory
[INFO][main][2018-07-30 12:56:10][org.springframework.context.support.AbstractApplicationContext] - Refreshing org.springframework.context.support.ClassPathXmlApplicationContext@2d6e8792: startup date [Mon Jul 30 12:56:10 CST 2018]; root of context hierarchy
[INFO][main][2018-07-30 12:56:10][org.springframework.beans.factory.xml.XmlBeanDefinitionReader] - Loading XML bean definitions from class path resource [application.xml]
[INFO][main][2018-07-30 12:56:10][org.springframework.jdbc.datasource.DriverManagerDataSource] - Loaded JDBC driver: com.mysql.jdbc.Driver
[INFO][main][2018-07-30 12:56:10][org.springframework.orm.jpa.LocalContainerEntityManagerFactoryBean] - Building JPA container EntityManagerFactory for persistence unit 'default'
[INFO][main][2018-07-30 12:56:10][org.hibernate.jpa.internal.util.LogHelper] - HHH000204: Processing PersistenceUnitInfo [
	name: default
	...]
[INFO][main][2018-07-30 12:56:10][org.hibernate.Version] - HHH000412: Hibernate Core {5.2.13.Final}
[INFO][main][2018-07-30 12:56:10][org.hibernate.cfg.Environment] - HHH000206: hibernate.properties not found
[INFO][main][2018-07-30 12:56:10][org.hibernate.annotations.common.reflection.java.JavaReflectionManager] - HCANN000001: Hibernate Commons Annotations {5.0.1.Final}
[INFO][main][2018-07-30 12:56:11][org.hibernate.dialect.Dialect] - HHH000400: Using dialect: org.hibernate.dialect.MySQL5Dialect
[INFO][main][2018-07-30 12:56:11][org.hibernate.validator.internal.util.Version] - HV000001: Hibernate Validator 5.3.6.Final
[INFO][main][2018-07-30 12:56:11][org.springframework.orm.jpa.AbstractEntityManagerFactoryBean] - Initialized JPA EntityManagerFactory for persistence unit 'default'
[INFO][main][2018-07-30 12:56:12][org.hibernate.hql.internal.QueryTranslatorFactoryInitiator] - HHH000397: Using ASTQueryTranslatorFactory
[INFO][main][2018-07-30 13:09:30][org.springframework.context.support.AbstractApplicationContext] - Refreshing org.springframework.context.support.ClassPathXmlApplicationContext@2d6e8792: startup date [Mon Jul 30 13:09:30 CST 2018]; root of context hierarchy
[INFO][main][2018-07-30 13:09:30][org.springframework.beans.factory.xml.XmlBeanDefinitionReader] - Loading XML bean definitions from class path resource [application.xml]
[INFO][main][2018-07-30 13:09:31][org.springframework.jdbc.datasource.DriverManagerDataSource] - Loaded JDBC driver: com.mysql.jdbc.Driver
[INFO][main][2018-07-30 13:09:31][org.springframework.orm.jpa.LocalContainerEntityManagerFactoryBean] - Building JPA container EntityManagerFactory for persistence unit 'default'
[INFO][main][2018-07-30 13:09:31][org.hibernate.jpa.internal.util.LogHelper] - HHH000204: Processing PersistenceUnitInfo [
	name: default
	...]
[INFO][main][2018-07-30 13:09:31][org.hibernate.Version] - HHH000412: Hibernate Core {5.2.13.Final}
[INFO][main][2018-07-30 13:09:31][org.hibernate.cfg.Environment] - HHH000206: hibernate.properties not found
[INFO][main][2018-07-30 13:09:31][org.hibernate.annotations.common.reflection.java.JavaReflectionManager] - HCANN000001: Hibernate Commons Annotations {5.0.1.Final}
[INFO][main][2018-07-30 13:09:32][org.hibernate.dialect.Dialect] - HHH000400: Using dialect: org.hibernate.dialect.MySQL5Dialect
[INFO][main][2018-07-30 13:09:32][org.hibernate.validator.internal.util.Version] - HV000001: Hibernate Validator 5.3.6.Final
[INFO][main][2018-07-30 13:09:32][org.springframework.orm.jpa.AbstractEntityManagerFactoryBean] - Initialized JPA EntityManagerFactory for persistence unit 'default'
[INFO][main][2018-07-30 13:09:33][org.hibernate.hql.internal.QueryTranslatorFactoryInitiator] - HHH000397: Using ASTQueryTranslatorFactory
[INFO][main][2018-07-30 13:10:21][org.springframework.context.support.AbstractApplicationContext] - Refreshing org.springframework.context.support.ClassPathXmlApplicationContext@2d6e8792: startup date [Mon Jul 30 13:10:21 CST 2018]; root of context hierarchy
[INFO][main][2018-07-30 13:10:21][org.springframework.beans.factory.xml.XmlBeanDefinitionReader] - Loading XML bean definitions from class path resource [application.xml]
[INFO][main][2018-07-30 13:10:21][org.springframework.jdbc.datasource.DriverManagerDataSource] - Loaded JDBC driver: com.mysql.jdbc.Driver
[INFO][main][2018-07-30 13:10:21][org.springframework.orm.jpa.LocalContainerEntityManagerFactoryBean] - Building JPA container EntityManagerFactory for persistence unit 'default'
[INFO][main][2018-07-30 13:10:21][org.hibernate.jpa.internal.util.LogHelper] - HHH000204: Processing PersistenceUnitInfo [
	name: default
	...]
[INFO][main][2018-07-30 13:10:22][org.hibernate.Version] - HHH000412: Hibernate Core {5.2.13.Final}
[INFO][main][2018-07-30 13:10:22][org.hibernate.cfg.Environment] - HHH000206: hibernate.properties not found
[INFO][main][2018-07-30 13:10:22][org.hibernate.annotations.common.reflection.java.JavaReflectionManager] - HCANN000001: Hibernate Commons Annotations {5.0.1.Final}
[INFO][main][2018-07-30 13:10:22][org.hibernate.dialect.Dialect] - HHH000400: Using dialect: org.hibernate.dialect.MySQL5Dialect
[INFO][main][2018-07-30 13:10:23][org.hibernate.validator.internal.util.Version] - HV000001: Hibernate Validator 5.3.6.Final
[INFO][main][2018-07-30 13:10:23][org.springframework.orm.jpa.AbstractEntityManagerFactoryBean] - Initialized JPA EntityManagerFactory for persistence unit 'default'
[INFO][main][2018-07-30 13:10:23][org.hibernate.hql.internal.QueryTranslatorFactoryInitiator] - HHH000397: Using ASTQueryTranslatorFactory
[INFO][main][2018-07-30 13:20:29][org.springframework.context.support.AbstractApplicationContext] - Refreshing org.springframework.context.support.ClassPathXmlApplicationContext@2d6e8792: startup date [Mon Jul 30 13:20:29 CST 2018]; root of context hierarchy
[INFO][main][2018-07-30 13:20:29][org.springframework.beans.factory.xml.XmlBeanDefinitionReader] - Loading XML bean definitions from class path resource [application.xml]
[INFO][main][2018-07-30 13:20:30][org.springframework.jdbc.datasource.DriverManagerDataSource] - Loaded JDBC driver: com.mysql.jdbc.Driver
[INFO][main][2018-07-30 13:20:30][org.springframework.orm.jpa.LocalContainerEntityManagerFactoryBean] - Building JPA container EntityManagerFactory for persistence unit 'default'
[INFO][main][2018-07-30 13:20:30][org.hibernate.jpa.internal.util.LogHelper] - HHH000204: Processing PersistenceUnitInfo [
	name: default
	...]
[INFO][main][2018-07-30 13:20:30][org.hibernate.Version] - HHH000412: Hibernate Core {5.2.13.Final}
[INFO][main][2018-07-30 13:20:30][org.hibernate.cfg.Environment] - HHH000206: hibernate.properties not found
[INFO][main][2018-07-30 13:20:30][org.hibernate.annotations.common.reflection.java.JavaReflectionManager] - HCANN000001: Hibernate Commons Annotations {5.0.1.Final}
[INFO][main][2018-07-30 13:20:31][org.hibernate.dialect.Dialect] - HHH000400: Using dialect: org.hibernate.dialect.MySQL5Dialect
[INFO][main][2018-07-30 13:20:31][org.hibernate.validator.internal.util.Version] - HV000001: Hibernate Validator 5.3.6.Final
[INFO][main][2018-07-30 13:20:32][org.springframework.orm.jpa.AbstractEntityManagerFactoryBean] - Initialized JPA EntityManagerFactory for persistence unit 'default'
[INFO][main][2018-07-30 13:20:32][org.hibernate.hql.internal.QueryTranslatorFactoryInitiator] - HHH000397: Using ASTQueryTranslatorFactory
[INFO][main][2018-07-30 13:23:10][org.springframework.context.support.AbstractApplicationContext] - Refreshing org.springframework.context.support.ClassPathXmlApplicationContext@2d6e8792: startup date [Mon Jul 30 13:23:10 CST 2018]; root of context hierarchy
[INFO][main][2018-07-30 13:23:10][org.springframework.beans.factory.xml.XmlBeanDefinitionReader] - Loading XML bean definitions from class path resource [application.xml]
[INFO][main][2018-07-30 13:23:10][org.springframework.jdbc.datasource.DriverManagerDataSource] - Loaded JDBC driver: com.mysql.jdbc.Driver
[INFO][main][2018-07-30 13:23:10][org.springframework.orm.jpa.LocalContainerEntityManagerFactoryBean] - Building JPA container EntityManagerFactory for persistence unit 'default'
[INFO][main][2018-07-30 13:23:10][org.hibernate.jpa.internal.util.LogHelper] - HHH000204: Processing PersistenceUnitInfo [
	name: default
	...]
[INFO][main][2018-07-30 13:23:11][org.hibernate.Version] - HHH000412: Hibernate Core {5.2.13.Final}
[INFO][main][2018-07-30 13:23:11][org.hibernate.cfg.Environment] - HHH000206: hibernate.properties not found
[INFO][main][2018-07-30 13:23:11][org.hibernate.annotations.common.reflection.java.JavaReflectionManager] - HCANN000001: Hibernate Commons Annotations {5.0.1.Final}
[INFO][main][2018-07-30 13:23:11][org.hibernate.dialect.Dialect] - HHH000400: Using dialect: org.hibernate.dialect.MySQL5Dialect
[INFO][main][2018-07-30 13:23:12][org.hibernate.validator.internal.util.Version] - HV000001: Hibernate Validator 5.3.6.Final
[INFO][main][2018-07-30 13:23:12][org.springframework.orm.jpa.AbstractEntityManagerFactoryBean] - Initialized JPA EntityManagerFactory for persistence unit 'default'
[INFO][main][2018-07-30 13:23:12][org.hibernate.hql.internal.QueryTranslatorFactoryInitiator] - HHH000397: Using ASTQueryTranslatorFactory
[INFO][main][2018-07-30 13:23:48][org.springframework.context.support.AbstractApplicationContext] - Refreshing org.springframework.context.support.ClassPathXmlApplicationContext@2d6e8792: startup date [Mon Jul 30 13:23:48 CST 2018]; root of context hierarchy
[INFO][main][2018-07-30 13:23:48][org.springframework.beans.factory.xml.XmlBeanDefinitionReader] - Loading XML bean definitions from class path resource [application.xml]
[INFO][main][2018-07-30 13:23:49][org.springframework.jdbc.datasource.DriverManagerDataSource] - Loaded JDBC driver: com.mysql.jdbc.Driver
[INFO][main][2018-07-30 13:23:49][org.springframework.orm.jpa.LocalContainerEntityManagerFactoryBean] - Building JPA container EntityManagerFactory for persistence unit 'default'
[INFO][main][2018-07-30 13:23:49][org.hibernate.jpa.internal.util.LogHelper] - HHH000204: Processing PersistenceUnitInfo [
	name: default
	...]
[INFO][main][2018-07-30 13:23:49][org.hibernate.Version] - HHH000412: Hibernate Core {5.2.13.Final}
[INFO][main][2018-07-30 13:23:49][org.hibernate.cfg.Environment] - HHH000206: hibernate.properties not found
[INFO][main][2018-07-30 13:23:49][org.hibernate.annotations.common.reflection.java.JavaReflectionManager] - HCANN000001: Hibernate Commons Annotations {5.0.1.Final}
[INFO][main][2018-07-30 13:23:50][org.hibernate.dialect.Dialect] - HHH000400: Using dialect: org.hibernate.dialect.MySQL5Dialect
[INFO][main][2018-07-30 13:23:50][org.hibernate.validator.internal.util.Version] - HV000001: Hibernate Validator 5.3.6.Final
[INFO][main][2018-07-30 13:23:50][org.springframework.orm.jpa.AbstractEntityManagerFactoryBean] - Initialized JPA EntityManagerFactory for persistence unit 'default'
[INFO][main][2018-07-30 13:23:51][org.hibernate.hql.internal.QueryTranslatorFactoryInitiator] - HHH000397: Using ASTQueryTranslatorFactory
[INFO][main][2018-07-30 14:18:26][org.springframework.context.support.AbstractApplicationContext] - Refreshing org.springframework.context.support.ClassPathXmlApplicationContext@2d6e8792: startup date [Mon Jul 30 14:18:26 CST 2018]; root of context hierarchy
[INFO][main][2018-07-30 14:18:26][org.springframework.beans.factory.xml.XmlBeanDefinitionReader] - Loading XML bean definitions from class path resource [application.xml]
[INFO][main][2018-07-30 14:18:26][org.springframework.jdbc.datasource.DriverManagerDataSource] - Loaded JDBC driver: com.mysql.jdbc.Driver
[INFO][main][2018-07-30 14:18:26][org.springframework.orm.jpa.LocalContainerEntityManagerFactoryBean] - Building JPA container EntityManagerFactory for persistence unit 'default'
[INFO][main][2018-07-30 14:18:26][org.hibernate.jpa.internal.util.LogHelper] - HHH000204: Processing PersistenceUnitInfo [
	name: default
	...]
[INFO][main][2018-07-30 14:18:26][org.hibernate.Version] - HHH000412: Hibernate Core {5.2.13.Final}
[INFO][main][2018-07-30 14:18:26][org.hibernate.cfg.Environment] - HHH000206: hibernate.properties not found
[INFO][main][2018-07-30 14:18:26][org.hibernate.annotations.common.reflection.java.JavaReflectionManager] - HCANN000001: Hibernate Commons Annotations {5.0.1.Final}
[INFO][main][2018-07-30 14:18:27][org.hibernate.dialect.Dialect] - HHH000400: Using dialect: org.hibernate.dialect.MySQL5Dialect
[INFO][main][2018-07-30 14:18:28][org.hibernate.validator.internal.util.Version] - HV000001: Hibernate Validator 5.3.6.Final
[INFO][main][2018-07-30 14:18:28][org.springframework.orm.jpa.AbstractEntityManagerFactoryBean] - Initialized JPA EntityManagerFactory for persistence unit 'default'
[INFO][main][2018-07-30 14:18:28][org.hibernate.hql.internal.QueryTranslatorFactoryInitiator] - HHH000397: Using ASTQueryTranslatorFactory
[INFO][main][2018-07-30 14:19:28][org.springframework.context.support.AbstractApplicationContext] - Refreshing org.springframework.context.support.ClassPathXmlApplicationContext@2d6e8792: startup date [Mon Jul 30 14:19:28 CST 2018]; root of context hierarchy
[INFO][main][2018-07-30 14:19:28][org.springframework.beans.factory.xml.XmlBeanDefinitionReader] - Loading XML bean definitions from class path resource [application.xml]
[INFO][main][2018-07-30 14:19:29][org.springframework.jdbc.datasource.DriverManagerDataSource] - Loaded JDBC driver: com.mysql.jdbc.Driver
[INFO][main][2018-07-30 14:19:29][org.springframework.orm.jpa.LocalContainerEntityManagerFactoryBean] - Building JPA container EntityManagerFactory for persistence unit 'default'
[INFO][main][2018-07-30 14:19:29][org.hibernate.jpa.internal.util.LogHelper] - HHH000204: Processing PersistenceUnitInfo [
	name: default
	...]
[INFO][main][2018-07-30 14:19:29][org.hibernate.Version] - HHH000412: Hibernate Core {5.2.13.Final}
[INFO][main][2018-07-30 14:19:29][org.hibernate.cfg.Environment] - HHH000206: hibernate.properties not found
[INFO][main][2018-07-30 14:19:29][org.hibernate.annotations.common.reflection.java.JavaReflectionManager] - HCANN000001: Hibernate Commons Annotations {5.0.1.Final}
[INFO][main][2018-07-30 14:19:29][org.hibernate.dialect.Dialect] - HHH000400: Using dialect: org.hibernate.dialect.MySQL5Dialect
[INFO][main][2018-07-30 14:19:30][org.hibernate.validator.internal.util.Version] - HV000001: Hibernate Validator 5.3.6.Final
[INFO][main][2018-07-30 14:19:30][org.springframework.orm.jpa.AbstractEntityManagerFactoryBean] - Initialized JPA EntityManagerFactory for persistence unit 'default'
[INFO][main][2018-07-30 14:19:31][org.hibernate.hql.internal.QueryTranslatorFactoryInitiator] - HHH000397: Using ASTQueryTranslatorFactory
[INFO][main][2018-07-30 14:24:56][org.springframework.context.support.AbstractApplicationContext] - Refreshing org.springframework.context.support.ClassPathXmlApplicationContext@3b2c72c2: startup date [Mon Jul 30 14:24:56 CST 2018]; root of context hierarchy
[INFO][main][2018-07-30 14:24:56][org.springframework.beans.factory.xml.XmlBeanDefinitionReader] - Loading XML bean definitions from class path resource [application.xml]
[INFO][main][2018-07-30 14:24:57][org.springframework.jdbc.datasource.DriverManagerDataSource] - Loaded JDBC driver: com.mysql.jdbc.Driver
[INFO][main][2018-07-30 14:24:57][org.springframework.orm.jpa.LocalContainerEntityManagerFactoryBean] - Building JPA container EntityManagerFactory for persistence unit 'default'
[INFO][main][2018-07-30 14:24:57][org.hibernate.jpa.internal.util.LogHelper] - HHH000204: Processing PersistenceUnitInfo [
	name: default
	...]
[INFO][main][2018-07-30 14:24:58][org.hibernate.Version] - HHH000412: Hibernate Core {5.2.13.Final}
[INFO][main][2018-07-30 14:24:58][org.hibernate.cfg.Environment] - HHH000206: hibernate.properties not found
[INFO][main][2018-07-30 14:24:58][org.hibernate.annotations.common.reflection.java.JavaReflectionManager] - HCANN000001: Hibernate Commons Annotations {5.0.1.Final}
[INFO][main][2018-07-30 14:24:58][org.hibernate.dialect.Dialect] - HHH000400: Using dialect: org.hibernate.dialect.MySQL5Dialect
[INFO][main][2018-07-30 14:24:59][org.hibernate.validator.internal.util.Version] - HV000001: Hibernate Validator 5.3.6.Final
[INFO][main][2018-07-30 14:24:59][org.springframework.orm.jpa.AbstractEntityManagerFactoryBean] - Initialized JPA EntityManagerFactory for persistence unit 'default'
[INFO][main][2018-07-30 14:25:00][org.hibernate.hql.internal.QueryTranslatorFactoryInitiator] - HHH000397: Using ASTQueryTranslatorFactory
[INFO][main][2018-07-30 14:28:25][org.springframework.context.support.AbstractApplicationContext] - Refreshing org.springframework.context.support.ClassPathXmlApplicationContext@2d6e8792: startup date [Mon Jul 30 14:28:25 CST 2018]; root of context hierarchy
[INFO][main][2018-07-30 14:28:25][org.springframework.beans.factory.xml.XmlBeanDefinitionReader] - Loading XML bean definitions from class path resource [application.xml]
[INFO][main][2018-07-30 14:28:25][org.springframework.jdbc.datasource.DriverManagerDataSource] - Loaded JDBC driver: com.mysql.jdbc.Driver
[INFO][main][2018-07-30 14:28:25][org.springframework.orm.jpa.LocalContainerEntityManagerFactoryBean] - Building JPA container EntityManagerFactory for persistence unit 'default'
[INFO][main][2018-07-30 14:28:25][org.hibernate.jpa.internal.util.LogHelper] - HHH000204: Processing PersistenceUnitInfo [
	name: default
	...]
[INFO][main][2018-07-30 14:28:25][org.hibernate.Version] - HHH000412: Hibernate Core {5.2.13.Final}
[INFO][main][2018-07-30 14:28:25][org.hibernate.cfg.Environment] - HHH000206: hibernate.properties not found
[INFO][main][2018-07-30 14:28:25][org.hibernate.annotations.common.reflection.java.JavaReflectionManager] - HCANN000001: Hibernate Commons Annotations {5.0.1.Final}
[INFO][main][2018-07-30 14:28:26][org.hibernate.dialect.Dialect] - HHH000400: Using dialect: org.hibernate.dialect.MySQL5Dialect
[INFO][main][2018-07-30 14:28:27][org.hibernate.validator.internal.util.Version] - HV000001: Hibernate Validator 5.3.6.Final
[INFO][main][2018-07-30 14:28:27][org.springframework.orm.jpa.AbstractEntityManagerFactoryBean] - Initialized JPA EntityManagerFactory for persistence unit 'default'
[INFO][main][2018-07-30 14:28:27][org.hibernate.hql.internal.QueryTranslatorFactoryInitiator] - HHH000397: Using ASTQueryTranslatorFactory
[INFO][main][2018-07-30 14:56:35][org.springframework.context.support.AbstractApplicationContext] - Refreshing org.springframework.context.support.ClassPathXmlApplicationContext@2acf57e3: startup date [Mon Jul 30 14:56:35 CST 2018]; root of context hierarchy
[INFO][main][2018-07-30 14:56:35][org.springframework.beans.factory.xml.XmlBeanDefinitionReader] - Loading XML bean definitions from class path resource [application.xml]
[INFO][main][2018-07-30 14:56:36][org.springframework.jdbc.datasource.DriverManagerDataSource] - Loaded JDBC driver: com.mysql.jdbc.Driver
[INFO][main][2018-07-30 14:56:36][org.springframework.orm.jpa.LocalContainerEntityManagerFactoryBean] - Building JPA container EntityManagerFactory for persistence unit 'default'
[INFO][main][2018-07-30 14:56:36][org.hibernate.jpa.internal.util.LogHelper] - HHH000204: Processing PersistenceUnitInfo [
	name: default
	...]
[INFO][main][2018-07-30 14:56:36][org.hibernate.Version] - HHH000412: Hibernate Core {5.2.13.Final}
[INFO][main][2018-07-30 14:56:36][org.hibernate.cfg.Environment] - HHH000206: hibernate.properties not found
[INFO][main][2018-07-30 14:56:36][org.hibernate.annotations.common.reflection.java.JavaReflectionManager] - HCANN000001: Hibernate Commons Annotations {5.0.1.Final}
[INFO][main][2018-07-30 14:56:37][org.hibernate.dialect.Dialect] - HHH000400: Using dialect: org.hibernate.dialect.MySQL5Dialect
[INFO][main][2018-07-30 14:56:37][org.hibernate.validator.internal.util.Version] - HV000001: Hibernate Validator 5.3.6.Final
[INFO][main][2018-07-30 14:56:38][org.springframework.orm.jpa.AbstractEntityManagerFactoryBean] - Initialized JPA EntityManagerFactory for persistence unit 'default'
[INFO][main][2018-07-30 14:56:38][org.hibernate.hql.internal.QueryTranslatorFactoryInitiator] - HHH000397: Using ASTQueryTranslatorFactory
[WARN][main][2018-07-30 14:56:38][org.hibernate.engine.jdbc.spi.SqlExceptionHelper] - SQL Error: 1062, SQLState: 23000
[ERROR][main][2018-07-30 14:56:38][org.hibernate.engine.jdbc.spi.SqlExceptionHelper] - Duplicate entry '1' for key 'PRIMARY'
[INFO][main][2018-07-30 14:56:38][org.hibernate.engine.jdbc.batch.internal.AbstractBatchImpl] - HHH000010: On release of batch it still contained JDBC statements
[ERROR][main][2018-07-30 14:56:38][org.hibernate.internal.ExceptionMapperStandardImpl] - HHH000346: Error during managed flush [org.hibernate.exception.ConstraintViolationException: could not execute statement]
[INFO][main][2018-07-30 14:58:11][org.springframework.context.support.AbstractApplicationContext] - Refreshing org.springframework.context.support.ClassPathXmlApplicationContext@2acf57e3: startup date [Mon Jul 30 14:58:11 CST 2018]; root of context hierarchy
[INFO][main][2018-07-30 14:58:11][org.springframework.beans.factory.xml.XmlBeanDefinitionReader] - Loading XML bean definitions from class path resource [application.xml]
[INFO][main][2018-07-30 14:58:11][org.springframework.jdbc.datasource.DriverManagerDataSource] - Loaded JDBC driver: com.mysql.jdbc.Driver
[INFO][main][2018-07-30 14:58:11][org.springframework.orm.jpa.LocalContainerEntityManagerFactoryBean] - Building JPA container EntityManagerFactory for persistence unit 'default'
[INFO][main][2018-07-30 14:58:11][org.hibernate.jpa.internal.util.LogHelper] - HHH000204: Processing PersistenceUnitInfo [
	name: default
	...]
[INFO][main][2018-07-30 14:58:12][org.hibernate.Version] - HHH000412: Hibernate Core {5.2.13.Final}
[INFO][main][2018-07-30 14:58:12][org.hibernate.cfg.Environment] - HHH000206: hibernate.properties not found
[INFO][main][2018-07-30 14:58:12][org.hibernate.annotations.common.reflection.java.JavaReflectionManager] - HCANN000001: Hibernate Commons Annotations {5.0.1.Final}
[INFO][main][2018-07-30 14:58:12][org.hibernate.dialect.Dialect] - HHH000400: Using dialect: org.hibernate.dialect.MySQL5Dialect
[INFO][main][2018-07-30 14:58:13][org.hibernate.validator.internal.util.Version] - HV000001: Hibernate Validator 5.3.6.Final
[INFO][main][2018-07-30 14:58:13][org.springframework.orm.jpa.AbstractEntityManagerFactoryBean] - Initialized JPA EntityManagerFactory for persistence unit 'default'
[INFO][main][2018-07-30 14:58:13][org.hibernate.hql.internal.QueryTranslatorFactoryInitiator] - HHH000397: Using ASTQueryTranslatorFactory
[WARN][main][2018-07-30 14:58:14][org.hibernate.engine.jdbc.spi.SqlExceptionHelper] - SQL Error: 1062, SQLState: 23000
[ERROR][main][2018-07-30 14:58:14][org.hibernate.engine.jdbc.spi.SqlExceptionHelper] - Duplicate entry '2' for key 'PRIMARY'
[INFO][main][2018-07-30 14:58:14][org.hibernate.engine.jdbc.batch.internal.AbstractBatchImpl] - HHH000010: On release of batch it still contained JDBC statements
[ERROR][main][2018-07-30 14:58:14][org.hibernate.internal.ExceptionMapperStandardImpl] - HHH000346: Error during managed flush [org.hibernate.exception.ConstraintViolationException: could not execute statement]
[INFO][main][2018-07-30 15:00:34][org.springframework.context.support.AbstractApplicationContext] - Refreshing org.springframework.context.support.ClassPathXmlApplicationContext@2acf57e3: startup date [Mon Jul 30 15:00:34 CST 2018]; root of context hierarchy
[INFO][main][2018-07-30 15:00:34][org.springframework.beans.factory.xml.XmlBeanDefinitionReader] - Loading XML bean definitions from class path resource [application.xml]
[INFO][main][2018-07-30 15:00:34][org.springframework.jdbc.datasource.DriverManagerDataSource] - Loaded JDBC driver: com.mysql.jdbc.Driver
[INFO][main][2018-07-30 15:00:34][org.springframework.orm.jpa.LocalContainerEntityManagerFactoryBean] - Building JPA container EntityManagerFactory for persistence unit 'default'
[INFO][main][2018-07-30 15:00:34][org.hibernate.jpa.internal.util.LogHelper] - HHH000204: Processing PersistenceUnitInfo [
	name: default
	...]
[INFO][main][2018-07-30 15:00:35][org.hibernate.Version] - HHH000412: Hibernate Core {5.2.13.Final}
[INFO][main][2018-07-30 15:00:35][org.hibernate.cfg.Environment] - HHH000206: hibernate.properties not found
[INFO][main][2018-07-30 15:00:35][org.hibernate.annotations.common.reflection.java.JavaReflectionManager] - HCANN000001: Hibernate Commons Annotations {5.0.1.Final}
[INFO][main][2018-07-30 15:00:35][org.hibernate.dialect.Dialect] - HHH000400: Using dialect: org.hibernate.dialect.MySQL5Dialect
[INFO][main][2018-07-30 15:00:36][org.hibernate.validator.internal.util.Version] - HV000001: Hibernate Validator 5.3.6.Final
[INFO][main][2018-07-30 15:00:36][org.springframework.orm.jpa.AbstractEntityManagerFactoryBean] - Initialized JPA EntityManagerFactory for persistence unit 'default'
[INFO][main][2018-07-30 15:00:36][org.hibernate.hql.internal.QueryTranslatorFactoryInitiator] - HHH000397: Using ASTQueryTranslatorFactory
[WARN][main][2018-07-30 15:00:36][org.hibernate.engine.jdbc.spi.SqlExceptionHelper] - SQL Error: 1062, SQLState: 23000
[ERROR][main][2018-07-30 15:00:36][org.hibernate.engine.jdbc.spi.SqlExceptionHelper] - Duplicate entry '3' for key 'PRIMARY'
[INFO][main][2018-07-30 15:00:36][org.hibernate.engine.jdbc.batch.internal.AbstractBatchImpl] - HHH000010: On release of batch it still contained JDBC statements
[ERROR][main][2018-07-30 15:00:36][org.hibernate.internal.ExceptionMapperStandardImpl] - HHH000346: Error during managed flush [org.hibernate.exception.ConstraintViolationException: could not execute statement]
[INFO][main][2018-07-30 15:02:09][org.springframework.context.support.AbstractApplicationContext] - Refreshing org.springframework.context.support.ClassPathXmlApplicationContext@2acf57e3: startup date [Mon Jul 30 15:02:09 CST 2018]; root of context hierarchy
[INFO][main][2018-07-30 15:02:09][org.springframework.beans.factory.xml.XmlBeanDefinitionReader] - Loading XML bean definitions from class path resource [application.xml]
[INFO][main][2018-07-30 15:02:09][org.springframework.jdbc.datasource.DriverManagerDataSource] - Loaded JDBC driver: com.mysql.jdbc.Driver
[INFO][main][2018-07-30 15:02:09][org.springframework.orm.jpa.LocalContainerEntityManagerFactoryBean] - Building JPA container EntityManagerFactory for persistence unit 'default'
[INFO][main][2018-07-30 15:02:09][org.hibernate.jpa.internal.util.LogHelper] - HHH000204: Processing PersistenceUnitInfo [
	name: default
	...]
[INFO][main][2018-07-30 15:02:09][org.hibernate.Version] - HHH000412: Hibernate Core {5.2.13.Final}
[INFO][main][2018-07-30 15:02:09][org.hibernate.cfg.Environment] - HHH000206: hibernate.properties not found
[INFO][main][2018-07-30 15:02:10][org.hibernate.annotations.common.reflection.java.JavaReflectionManager] - HCANN000001: Hibernate Commons Annotations {5.0.1.Final}
[INFO][main][2018-07-30 15:02:10][org.hibernate.dialect.Dialect] - HHH000400: Using dialect: org.hibernate.dialect.MySQL5Dialect
[INFO][main][2018-07-30 15:02:11][org.hibernate.validator.internal.util.Version] - HV000001: Hibernate Validator 5.3.6.Final
[INFO][main][2018-07-30 15:02:11][org.springframework.orm.jpa.AbstractEntityManagerFactoryBean] - Initialized JPA EntityManagerFactory for persistence unit 'default'
[INFO][main][2018-07-30 15:02:11][org.hibernate.hql.internal.QueryTranslatorFactoryInitiator] - HHH000397: Using ASTQueryTranslatorFactory
[WARN][main][2018-07-30 15:02:12][org.hibernate.engine.jdbc.spi.SqlExceptionHelper] - SQL Error: 1062, SQLState: 23000
[ERROR][main][2018-07-30 15:02:12][org.hibernate.engine.jdbc.spi.SqlExceptionHelper] - Duplicate entry '4' for key 'PRIMARY'
[INFO][main][2018-07-30 15:02:12][org.hibernate.engine.jdbc.batch.internal.AbstractBatchImpl] - HHH000010: On release of batch it still contained JDBC statements
[ERROR][main][2018-07-30 15:02:12][org.hibernate.internal.ExceptionMapperStandardImpl] - HHH000346: Error during managed flush [org.hibernate.exception.ConstraintViolationException: could not execute statement]
[INFO][main][2018-07-30 15:02:37][org.springframework.context.support.AbstractApplicationContext] - Refreshing org.springframework.context.support.ClassPathXmlApplicationContext@2acf57e3: startup date [Mon Jul 30 15:02:37 CST 2018]; root of context hierarchy
[INFO][main][2018-07-30 15:02:37][org.springframework.beans.factory.xml.XmlBeanDefinitionReader] - Loading XML bean definitions from class path resource [application.xml]
[INFO][main][2018-07-30 15:02:38][org.springframework.jdbc.datasource.DriverManagerDataSource] - Loaded JDBC driver: com.mysql.jdbc.Driver
[INFO][main][2018-07-30 15:02:38][org.springframework.orm.jpa.LocalContainerEntityManagerFactoryBean] - Building JPA container EntityManagerFactory for persistence unit 'default'
[INFO][main][2018-07-30 15:02:38][org.hibernate.jpa.internal.util.LogHelper] - HHH000204: Processing PersistenceUnitInfo [
	name: default
	...]
[INFO][main][2018-07-30 15:02:38][org.hibernate.Version] - HHH000412: Hibernate Core {5.2.13.Final}
[INFO][main][2018-07-30 15:02:38][org.hibernate.cfg.Environment] - HHH000206: hibernate.properties not found
[INFO][main][2018-07-30 15:02:38][org.hibernate.annotations.common.reflection.java.JavaReflectionManager] - HCANN000001: Hibernate Commons Annotations {5.0.1.Final}
[INFO][main][2018-07-30 15:02:39][org.hibernate.dialect.Dialect] - HHH000400: Using dialect: org.hibernate.dialect.MySQL5Dialect
[INFO][main][2018-07-30 15:02:39][org.hibernate.validator.internal.util.Version] - HV000001: Hibernate Validator 5.3.6.Final
[INFO][main][2018-07-30 15:02:40][org.springframework.orm.jpa.AbstractEntityManagerFactoryBean] - Initialized JPA EntityManagerFactory for persistence unit 'default'
[INFO][main][2018-07-30 15:02:40][org.hibernate.hql.internal.QueryTranslatorFactoryInitiator] - HHH000397: Using ASTQueryTranslatorFactory
[INFO][main][2018-07-30 15:05:23][org.springframework.context.support.AbstractApplicationContext] - Refreshing org.springframework.context.support.ClassPathXmlApplicationContext@2acf57e3: startup date [Mon Jul 30 15:05:23 CST 2018]; root of context hierarchy
[INFO][main][2018-07-30 15:05:23][org.springframework.beans.factory.xml.XmlBeanDefinitionReader] - Loading XML bean definitions from class path resource [application.xml]
[INFO][main][2018-07-30 15:05:24][org.springframework.jdbc.datasource.DriverManagerDataSource] - Loaded JDBC driver: com.mysql.jdbc.Driver
[INFO][main][2018-07-30 15:05:24][org.springframework.orm.jpa.LocalContainerEntityManagerFactoryBean] - Building JPA container EntityManagerFactory for persistence unit 'default'
[INFO][main][2018-07-30 15:05:24][org.hibernate.jpa.internal.util.LogHelper] - HHH000204: Processing PersistenceUnitInfo [
	name: default
	...]
[INFO][main][2018-07-30 15:05:24][org.hibernate.Version] - HHH000412: Hibernate Core {5.2.13.Final}
[INFO][main][2018-07-30 15:05:24][org.hibernate.cfg.Environment] - HHH000206: hibernate.properties not found
[INFO][main][2018-07-30 15:05:24][org.hibernate.annotations.common.reflection.java.JavaReflectionManager] - HCANN000001: Hibernate Commons Annotations {5.0.1.Final}
[INFO][main][2018-07-30 15:05:25][org.hibernate.dialect.Dialect] - HHH000400: Using dialect: org.hibernate.dialect.MySQL5Dialect
[INFO][main][2018-07-30 15:05:25][org.hibernate.validator.internal.util.Version] - HV000001: Hibernate Validator 5.3.6.Final
[INFO][main][2018-07-30 15:05:25][org.springframework.orm.jpa.AbstractEntityManagerFactoryBean] - Initialized JPA EntityManagerFactory for persistence unit 'default'
[INFO][main][2018-07-30 15:05:26][org.hibernate.hql.internal.QueryTranslatorFactoryInitiator] - HHH000397: Using ASTQueryTranslatorFactory
[INFO][main][2018-07-30 15:06:05][org.springframework.context.support.AbstractApplicationContext] - Refreshing org.springframework.context.support.ClassPathXmlApplicationContext@2acf57e3: startup date [Mon Jul 30 15:06:05 CST 2018]; root of context hierarchy
[INFO][main][2018-07-30 15:06:05][org.springframework.beans.factory.xml.XmlBeanDefinitionReader] - Loading XML bean definitions from class path resource [application.xml]
[INFO][main][2018-07-30 15:06:06][org.springframework.jdbc.datasource.DriverManagerDataSource] - Loaded JDBC driver: com.mysql.jdbc.Driver
[INFO][main][2018-07-30 15:06:06][org.springframework.orm.jpa.LocalContainerEntityManagerFactoryBean] - Building JPA container EntityManagerFactory for persistence unit 'default'
[INFO][main][2018-07-30 15:06:06][org.hibernate.jpa.internal.util.LogHelper] - HHH000204: Processing PersistenceUnitInfo [
	name: default
	...]
[INFO][main][2018-07-30 15:06:06][org.hibernate.Version] - HHH000412: Hibernate Core {5.2.13.Final}
[INFO][main][2018-07-30 15:06:06][org.hibernate.cfg.Environment] - HHH000206: hibernate.properties not found
[INFO][main][2018-07-30 15:06:06][org.hibernate.annotations.common.reflection.java.JavaReflectionManager] - HCANN000001: Hibernate Commons Annotations {5.0.1.Final}
[INFO][main][2018-07-30 15:06:07][org.hibernate.dialect.Dialect] - HHH000400: Using dialect: org.hibernate.dialect.MySQL5Dialect
[INFO][main][2018-07-30 15:06:07][org.hibernate.validator.internal.util.Version] - HV000001: Hibernate Validator 5.3.6.Final
[INFO][main][2018-07-30 15:06:08][org.springframework.orm.jpa.AbstractEntityManagerFactoryBean] - Initialized JPA EntityManagerFactory for persistence unit 'default'
[INFO][main][2018-07-30 15:06:08][org.hibernate.hql.internal.QueryTranslatorFactoryInitiator] - HHH000397: Using ASTQueryTranslatorFactory
[INFO][main][2018-07-30 15:06:52][org.springframework.context.support.AbstractApplicationContext] - Refreshing org.springframework.context.support.ClassPathXmlApplicationContext@176d53b2: startup date [Mon Jul 30 15:06:52 CST 2018]; root of context hierarchy
[INFO][main][2018-07-30 15:06:52][org.springframework.beans.factory.xml.XmlBeanDefinitionReader] - Loading XML bean definitions from class path resource [application.xml]
[INFO][main][2018-07-30 15:06:53][org.springframework.jdbc.datasource.DriverManagerDataSource] - Loaded JDBC driver: com.mysql.jdbc.Driver
[INFO][main][2018-07-30 15:06:53][org.springframework.orm.jpa.LocalContainerEntityManagerFactoryBean] - Building JPA container EntityManagerFactory for persistence unit 'default'
[INFO][main][2018-07-30 15:06:53][org.hibernate.jpa.internal.util.LogHelper] - HHH000204: Processing PersistenceUnitInfo [
	name: default
	...]
[INFO][main][2018-07-30 15:06:53][org.hibernate.Version] - HHH000412: Hibernate Core {5.2.13.Final}
[INFO][main][2018-07-30 15:06:53][org.hibernate.cfg.Environment] - HHH000206: hibernate.properties not found
[INFO][main][2018-07-30 15:06:53][org.hibernate.annotations.common.reflection.java.JavaReflectionManager] - HCANN000001: Hibernate Commons Annotations {5.0.1.Final}
[INFO][main][2018-07-30 15:06:54][org.hibernate.dialect.Dialect] - HHH000400: Using dialect: org.hibernate.dialect.MySQL5Dialect
[INFO][main][2018-07-30 15:06:55][org.hibernate.validator.internal.util.Version] - HV000001: Hibernate Validator 5.3.6.Final
[INFO][main][2018-07-30 15:06:55][org.springframework.orm.jpa.AbstractEntityManagerFactoryBean] - Initialized JPA EntityManagerFactory for persistence unit 'default'
[INFO][main][2018-07-30 15:06:55][org.hibernate.hql.internal.QueryTranslatorFactoryInitiator] - HHH000397: Using ASTQueryTranslatorFactory
[INFO][main][2018-07-30 15:14:13][org.springframework.context.support.AbstractApplicationContext] - Refreshing org.springframework.context.support.ClassPathXmlApplicationContext@564718df: startup date [Mon Jul 30 15:14:13 CST 2018]; root of context hierarchy
[INFO][main][2018-07-30 15:14:13][org.springframework.beans.factory.xml.XmlBeanDefinitionReader] - Loading XML bean definitions from class path resource [application.xml]
[INFO][main][2018-07-30 15:14:13][org.springframework.jdbc.datasource.DriverManagerDataSource] - Loaded JDBC driver: com.mysql.jdbc.Driver
[INFO][main][2018-07-30 15:14:14][org.springframework.orm.jpa.LocalContainerEntityManagerFactoryBean] - Building JPA container EntityManagerFactory for persistence unit 'default'
[INFO][main][2018-07-30 15:14:14][org.hibernate.jpa.internal.util.LogHelper] - HHH000204: Processing PersistenceUnitInfo [
	name: default
	...]
[INFO][main][2018-07-30 15:14:14][org.hibernate.Version] - HHH000412: Hibernate Core {5.2.13.Final}
[INFO][main][2018-07-30 15:14:14][org.hibernate.cfg.Environment] - HHH000206: hibernate.properties not found
[INFO][main][2018-07-30 15:14:14][org.hibernate.annotations.common.reflection.java.JavaReflectionManager] - HCANN000001: Hibernate Commons Annotations {5.0.1.Final}
[INFO][main][2018-07-30 15:14:14][org.hibernate.dialect.Dialect] - HHH000400: Using dialect: org.hibernate.dialect.MySQL5Dialect
[INFO][main][2018-07-30 15:14:15][org.hibernate.validator.internal.util.Version] - HV000001: Hibernate Validator 5.3.6.Final
[INFO][main][2018-07-30 15:14:15][org.springframework.orm.jpa.AbstractEntityManagerFactoryBean] - Initialized JPA EntityManagerFactory for persistence unit 'default'
[INFO][main][2018-07-30 15:14:16][org.hibernate.hql.internal.QueryTranslatorFactoryInitiator] - HHH000397: Using ASTQueryTranslatorFactory
[INFO][main][2018-07-30 15:19:22][org.springframework.context.support.AbstractApplicationContext] - Refreshing org.springframework.context.support.ClassPathXmlApplicationContext@564718df: startup date [Mon Jul 30 15:19:22 CST 2018]; root of context hierarchy
[INFO][main][2018-07-30 15:19:22][org.springframework.beans.factory.xml.XmlBeanDefinitionReader] - Loading XML bean definitions from class path resource [application.xml]
[INFO][main][2018-07-30 15:19:23][org.springframework.jdbc.datasource.DriverManagerDataSource] - Loaded JDBC driver: com.mysql.jdbc.Driver
[INFO][main][2018-07-30 15:19:23][org.springframework.orm.jpa.LocalContainerEntityManagerFactoryBean] - Building JPA container EntityManagerFactory for persistence unit 'default'
[INFO][main][2018-07-30 15:19:23][org.hibernate.jpa.internal.util.LogHelper] - HHH000204: Processing PersistenceUnitInfo [
	name: default
	...]
[INFO][main][2018-07-30 15:19:24][org.hibernate.Version] - HHH000412: Hibernate Core {5.2.13.Final}
[INFO][main][2018-07-30 15:19:24][org.hibernate.cfg.Environment] - HHH000206: hibernate.properties not found
[INFO][main][2018-07-30 15:19:24][org.hibernate.annotations.common.reflection.java.JavaReflectionManager] - HCANN000001: Hibernate Commons Annotations {5.0.1.Final}
[INFO][main][2018-07-30 15:19:24][org.hibernate.dialect.Dialect] - HHH000400: Using dialect: org.hibernate.dialect.MySQL5Dialect
[INFO][main][2018-07-30 15:19:25][org.hibernate.validator.internal.util.Version] - HV000001: Hibernate Validator 5.3.6.Final
[INFO][main][2018-07-30 15:19:25][org.springframework.orm.jpa.AbstractEntityManagerFactoryBean] - Initialized JPA EntityManagerFactory for persistence unit 'default'
[INFO][main][2018-07-30 15:19:25][org.hibernate.hql.internal.QueryTranslatorFactoryInitiator] - HHH000397: Using ASTQueryTranslatorFactory
